<?xml version="1.0" encoding="UTF-8"?>
<!-- Generated by org.testng.reporters.JUnitXMLReporter -->
<testsuite ignored="0" hostname="DESKTOP-HU32N3R" failures="0" tests="2" name="Test" time="74.304" errors="0" timestamp="2021-10-21T02:09:21 IST">
  <testcase classname="com.mindtree.runner.HomePageValidation" name="@AfterTest close" time="0.001">
    <failure type="java.lang.NullPointerException" message="Cannot invoke &amp;quot;org.openqa.selenium.WebDriver.close()&amp;quot; because &amp;quot;com.mindtree.runner.HomePageValidation.driver&amp;quot; is null">
      <![CDATA[java.lang.NullPointerException: Cannot invoke "org.openqa.selenium.WebDriver.close()" because "com.mindtree.runner.HomePageValidation.driver" is null
at com.mindtree.runner.HomePageValidation.close(HomePageValidation.java:42)
... Removed 24 stack frames]]>
    </failure>
  </testcase> <!-- @AfterTest close -->
  <testcase classname="com.mindtree.runner.HomePageValidation" name="Book" time="7.917"/>
  <testcase classname="com.mindtree.runner.CartCheckValidation" name="CartCheck" time="8.597"/>
</testsuite> <!-- Test -->
