<?xml version="1.0" encoding="UTF-8"?>
<testng-results ignored="0" total="2" passed="2" failed="0" skipped="0">
  <reporter-output>
  </reporter-output>
  <suite started-at="2021-10-24T10:49:18 IST" name="Suite" finished-at="2021-10-24T10:51:03 IST" duration-ms="105518">
    <groups>
    </groups>
    <test started-at="2021-10-24T10:49:18 IST" name="Test1" finished-at="2021-10-24T10:50:11 IST" duration-ms="52977">
      <class name="com.mindtree.runner.HomePageValidation">
        <test-method is-config="true" signature="initialize()[pri:0, instance:com.mindtree.runner.HomePageValidation@58326051]" started-at="2021-10-24T10:49:18 IST" name="initialize" finished-at="2021-10-24T10:50:03 IST" duration-ms="45294" status="PASS">
          <reporter-output>
          </reporter-output>
        </test-method> <!-- initialize -->
        <test-method signature="Book()[pri:0, instance:com.mindtree.runner.HomePageValidation@58326051]" started-at="2021-10-24T10:50:03 IST" name="Book" finished-at="2021-10-24T10:50:04 IST" duration-ms="617" status="PASS">
          <reporter-output>
          </reporter-output>
        </test-method> <!-- Book -->
        <test-method is-config="true" signature="close()[pri:0, instance:com.mindtree.runner.HomePageValidation@58326051]" started-at="2021-10-24T10:50:04 IST" name="close" finished-at="2021-10-24T10:50:11 IST" duration-ms="6946" status="PASS">
          <reporter-output>
          </reporter-output>
        </test-method> <!-- close -->
      </class> <!-- com.mindtree.runner.HomePageValidation -->
    </test> <!-- Test1 -->
    <test started-at="2021-10-24T10:50:12 IST" name="Test2" finished-at="2021-10-24T10:51:03 IST" duration-ms="51229">
      <class name="com.mindtree.runner.CartCheckValidation">
        <test-method is-config="true" signature="initialize()[pri:0, instance:com.mindtree.runner.CartCheckValidation@13330ac6]" started-at="2021-10-24T10:50:12 IST" name="initialize" finished-at="2021-10-24T10:50:41 IST" duration-ms="28805" status="PASS">
          <reporter-output>
          </reporter-output>
        </test-method> <!-- initialize -->
        <test-method signature="CartCheck()[pri:0, instance:com.mindtree.runner.CartCheckValidation@13330ac6]" started-at="2021-10-24T10:50:41 IST" name="CartCheck" finished-at="2021-10-24T10:50:49 IST" duration-ms="8213" status="PASS">
          <reporter-output>
          </reporter-output>
        </test-method> <!-- CartCheck -->
        <test-method is-config="true" signature="close()[pri:0, instance:com.mindtree.runner.CartCheckValidation@13330ac6]" started-at="2021-10-24T10:50:49 IST" name="close" finished-at="2021-10-24T10:51:03 IST" duration-ms="14210" status="PASS">
          <reporter-output>
          </reporter-output>
        </test-method> <!-- close -->
      </class> <!-- com.mindtree.runner.CartCheckValidation -->
    </test> <!-- Test2 -->
  </suite> <!-- Suite -->
</testng-results>
