<?xml version="1.0" encoding="UTF-8"?>
<testng-results ignored="0" total="2" passed="2" failed="0" skipped="0">
  <reporter-output>
  </reporter-output>
  <suite started-at="2021-11-02T19:07:25 IST" name="Suite" finished-at="2021-11-02T19:08:43 IST" duration-ms="77924">
    <groups>
    </groups>
    <test started-at="2021-11-02T19:07:25 IST" name="Test1" finished-at="2021-11-02T19:08:12 IST" duration-ms="46286">
      <class name="com.mindtree.runner.HomePageValidation">
        <test-method is-config="true" signature="initialize()[pri:0, instance:com.mindtree.runner.HomePageValidation@66ac5762]" started-at="2021-11-02T19:07:25 IST" name="initialize" finished-at="2021-11-02T19:08:03 IST" duration-ms="37496" status="PASS">
          <reporter-output>
          </reporter-output>
        </test-method> <!-- initialize -->
        <test-method signature="Book()[pri:0, instance:com.mindtree.runner.HomePageValidation@66ac5762]" started-at="2021-11-02T19:08:03 IST" name="Book" finished-at="2021-11-02T19:08:11 IST" duration-ms="8022" status="PASS">
          <reporter-output>
          </reporter-output>
        </test-method> <!-- Book -->
        <test-method is-config="true" signature="close()[pri:0, instance:com.mindtree.runner.HomePageValidation@66ac5762]" started-at="2021-11-02T19:08:11 IST" name="close" finished-at="2021-11-02T19:08:12 IST" duration-ms="679" status="PASS">
          <reporter-output>
          </reporter-output>
        </test-method> <!-- close -->
      </class> <!-- com.mindtree.runner.HomePageValidation -->
    </test> <!-- Test1 -->
    <test started-at="2021-11-02T19:08:12 IST" name="Test2" finished-at="2021-11-02T19:08:43 IST" duration-ms="30907">
      <class name="com.mindtree.runner.CartCheckValidation">
        <test-method is-config="true" signature="initialize()[pri:0, instance:com.mindtree.runner.CartCheckValidation@2b4c1d96]" started-at="2021-11-02T19:08:12 IST" name="initialize" finished-at="2021-11-02T19:08:36 IST" duration-ms="23148" status="PASS">
          <reporter-output>
          </reporter-output>
        </test-method> <!-- initialize -->
        <test-method signature="CartCheck()[pri:0, instance:com.mindtree.runner.CartCheckValidation@2b4c1d96]" started-at="2021-11-02T19:08:36 IST" name="CartCheck" finished-at="2021-11-02T19:08:41 IST" duration-ms="5116" status="PASS">
          <reporter-output>
          </reporter-output>
        </test-method> <!-- CartCheck -->
        <test-method is-config="true" signature="close()[pri:0, instance:com.mindtree.runner.CartCheckValidation@2b4c1d96]" started-at="2021-11-02T19:08:41 IST" name="close" finished-at="2021-11-02T19:08:43 IST" duration-ms="2641" status="PASS">
          <reporter-output>
          </reporter-output>
        </test-method> <!-- close -->
      </class> <!-- com.mindtree.runner.CartCheckValidation -->
    </test> <!-- Test2 -->
  </suite> <!-- Suite -->
</testng-results>
